
--------------------cracklib-2.8.22-------------------------
Delete line : 1 : make test from :

make test

--------------------openssh-6.2-------------------------
Delete line : 3 : ssh REMOTE_HOSTNAME "echo ${public_key} >> ~/.ssh/authorized_keys" && from :

ssh-keygen &&
public_key="$(cat ~/.ssh/id_rsa.pub)" &&
ssh REMOTE_HOSTNAME "echo ${public_key} >> ~/.ssh/authorized_keys" &&
unset public_key

--------------------popt-1.16-------------------------
Delete line : 1 : make check from :

make check

--------------------d-bus-1.6.10-------------------------
Delete line : 4 : make check && from :

make distclean &&
./configure --enable-tests --enable-asserts &&
make &&
make check &&
make distclean

--------------------unzip-6.0-------------------------
Delete line : 1 : convmv -f cp866 -t koi8-r -r --nosmart --notest \ from :

convmv -f cp866 -t koi8-r -r --nosmart --notest \
    	</path/to/unzipped/files>


--------------------gcc-4.7.2-------------------------
Delete line : 27 : make -k check  && from :

sed -i 's/\(install.*:\) install-.*recursive/\1/' libffi/Makefile.in &&
sed -i 's/\(install-data-am:\).*/\1/' libffi/include/Makefile.in &&
sed -i 's/install_to_$(INSTALL_DEST) //' libiberty/Makefile.in &&
sed -i 's@\./fixinc\.sh@-c true@'        gcc/Makefile.in       &&

case `uname -m` in
      i?86) sed -i 's/^T_CFLAGS =$/& -fomit-frame-pointer/' gcc/Makefile.in ;;
esac &&

mkdir ../gcc-build &&
cd    ../gcc-build &&

../gcc-4.7.2/configure         \
    --prefix=/usr              \
    --libdir=/usr/lib          \
    --libexecdir=/usr/lib      \
    --with-system-zlib         \
    --enable-shared            \
    --enable-threads=posix     \
    --enable-__cxa_atexit      \
    --disable-multilib         \
    --enable-clocale=gnu       \
    --enable-lto               \
    --enable-languages=c,c++,fortran,ada,go,java,objc,obj-c++ &&

make &&
make -k check  &&

../gcc-4.7.2/contrib/test_summary

--------------------perl-modules--------------------------
Delete line : 3 : make test from :

perl Makefile.PL &&
make &&
make test

--------------------subversion-1.7.8-------------------------
Delete line : 1 : make check-swig-pl && from :

make check-swig-pl &&
make check-swig-py

--------------------subversion-1.7.8-------------------------
Delete line : 2 : make check-swig-py from :

make check-swig-pl &&
make check-swig-py

--------------------bind-9.9.2-------------------------
Delete line : 1 : make check 2>&1 | tee check.log from :

make check 2>&1 | tee check.log

--------------------xorg-protocol-headers--------------------------
Delete line : 1 : bash -e from :

bash -e

--------------------xorg-libraries--------------------------
Delete line : 1 : bash -e from :

bash -e

--------------------xorg-applications--------------------------
Delete line : 1 : bash -e from :

bash -e

--------------------xorg-fonts--------------------------
Delete line : 1 : bash -e from :

bash -e

--------------------gtk-3.6.4-------------------------
Delete line : 2 : make check from :

rm tests/a11y/pickers.ui &&
make check

Origin    : mkdir "${TEMPDIR}/certs"
Replacing : mkdir "${TEMPDIR}/certs" with : mkdir -pv "${TEMPDIR}/certs"
Rules     : mkdir\s*
-------------------------------------------------

Origin    : mkdir -p certs
Replacing : mkdir -p certs with : mkdir -pv -p certs
Rules     : mkdir\s*
-------------------------------------------------

Origin    :     mkdir -p "$TAGDIR"
Replacing :     mkdir -p "$TAGDIR" with :     mkdir -pv -p "$TAGDIR"
Rules     : mkdir\s*
-------------------------------------------------

Origin    : cat >/etc/stunnel/stunnel.conf << "EOF" &&
Replacing : "EOF" && with : "EOF"
Rules     : "EOF" &&
-------------------------------------------------

Origin    : cat > /etc/pam.d/sudo << "EOF" &&
Replacing : "EOF" && with : "EOF"
Rules     : "EOF" &&
-------------------------------------------------

Origin    : binfiles="sh cat cp dd killall ls mkdir mknod mount "
Replacing : binfiles="sh cat cp dd killall ls mkdir mknod mount " with : binfiles="sh cat cp dd killall ls mkdir -pv mknod mount "
Rules     : mkdir\s*
-------------------------------------------------

Origin    : mkdir -p $WDIR/{bin,dev,lib/firmware,run,sbin,sys,proc}
Replacing : mkdir -p $WDIR/{bin,dev,lib/firmware,run,sbin,sys,proc} with : mkdir -pv -p $WDIR/{bin,dev,lib/firmware,run,sbin,sys,proc}
Rules     : mkdir\s*
-------------------------------------------------

Origin    : mkdir -p $WDIR/etc/{modprobe.d,udev/rules.d}
Replacing : mkdir -p $WDIR/etc/{modprobe.d,udev/rules.d} with : mkdir -pv -p $WDIR/etc/{modprobe.d,udev/rules.d}
Rules     : mkdir\s*
-------------------------------------------------

Origin    : mkdir -p /usr/share/mkinitramfs &&
Replacing : mkdir -p /usr/share/mkinitramfs && with : mkdir -pv -p /usr/share/mkinitramfs &&
Rules     : mkdir\s*
-------------------------------------------------

Origin    :    mkdir /.root
Replacing :    mkdir /.root with :    mkdir -pv /.root
Rules     : mkdir\s*/
-------------------------------------------------

Origin    :    mkdir -pv /.root
Replacing :    mkdir -pv /.root with :    mkdir -pv -pv /.root
Rules     : mkdir\s*
-------------------------------------------------

Origin    : mkdir /usr/share/doc/gsl-1.15 &&
Replacing : mkdir /usr/share/doc/gsl-1.15 && with : mkdir -pv /usr/share/doc/gsl-1.15 &&
Rules     : mkdir\s*/
-------------------------------------------------

Origin    : mkdir -pv /usr/share/doc/gsl-1.15 &&
Replacing : mkdir -pv /usr/share/doc/gsl-1.15 && with : mkdir -pv -pv /usr/share/doc/gsl-1.15 &&
Rules     : mkdir\s*
-------------------------------------------------

Origin    : mkdir build &&
Replacing : mkdir build && with : mkdir -pv build &&
Rules     : mkdir\s*
-------------------------------------------------

Origin    : mkdir -v       /usr/share/doc/libidn-1.25     &&
Replacing : mkdir -v       /usr/share/doc/libidn-1.25     && with : mkdir -pv       /usr/share/doc/libidn-1.25     &&
Rules     : mkdir\s*-v
-------------------------------------------------

Origin    : mkdir -pv       /usr/share/doc/libidn-1.25     &&
Replacing : mkdir -pv       /usr/share/doc/libidn-1.25     && with : mkdir -pv -pv       /usr/share/doc/libidn-1.25     &&
Rules     : mkdir\s*
-------------------------------------------------

Origin    : mkdir build &&
Replacing : mkdir build && with : mkdir -pv build &&
Rules     : mkdir\s*
-------------------------------------------------

Origin    : mkdir -v /usr/share/doc/libpng-1.6.2 &&
Replacing : mkdir -v /usr/share/doc/libpng-1.6.2 && with : mkdir -pv /usr/share/doc/libpng-1.6.2 &&
Rules     : mkdir\s*-v
-------------------------------------------------

Origin    : mkdir -pv /usr/share/doc/libpng-1.6.2 &&
Replacing : mkdir -pv /usr/share/doc/libpng-1.6.2 && with : mkdir -pv -pv /usr/share/doc/libpng-1.6.2 &&
Rules     : mkdir\s*
-------------------------------------------------

Origin    : mkdir -p /var/spool/cron
Replacing : mkdir -p /var/spool/cron with : mkdir -pv -p /var/spool/cron
Rules     : mkdir\s*
-------------------------------------------------

Origin    : mkdir build &&
Replacing : mkdir build && with : mkdir -pv build &&
Rules     : mkdir\s*
-------------------------------------------------

Origin    : mkdir          /srv/cvsroot &&
Replacing : mkdir          /srv/cvsroot && with : mkdir -pv /srv/cvsroot &&
Rules     : mkdir\s*/
-------------------------------------------------

Origin    : mkdir -pv /srv/cvsroot &&
Replacing : mkdir -pv /srv/cvsroot && with : mkdir -pv -pv /srv/cvsroot &&
Rules     : mkdir\s*
-------------------------------------------------

Origin    : mkdir ../gcc-build &&
Replacing : mkdir ../gcc-build && with : mkdir -pv ../gcc-build &&
Rules     : mkdir\s*
-------------------------------------------------

Origin    : mkdir -p /usr/share/doc/git-1.8.2.2/man-pages/{html,text}         &&
Replacing : mkdir -p /usr/share/doc/git-1.8.2.2/man-pages/{html,text}         && with : mkdir -pv -p /usr/share/doc/git-1.8.2.2/man-pages/{html,text}         &&
Rules     : mkdir\s*
-------------------------------------------------

Origin    : mkdir    /usr/share/doc/git-1.8.2.2/technical/{html,text}         &&
Replacing : mkdir    /usr/share/doc/git-1.8.2.2/technical/{html,text}         && with : mkdir -pv /usr/share/doc/git-1.8.2.2/technical/{html,text}         &&
Rules     : mkdir\s*/
-------------------------------------------------

Origin    : mkdir -pv /usr/share/doc/git-1.8.2.2/technical/{html,text}         &&
Replacing : mkdir -pv /usr/share/doc/git-1.8.2.2/technical/{html,text}         && with : mkdir -pv -pv /usr/share/doc/git-1.8.2.2/technical/{html,text}         &&
Rules     : mkdir\s*
-------------------------------------------------

Origin    : mkdir    /usr/share/doc/git-1.8.2.2/howto/{html,text}             &&
Replacing : mkdir    /usr/share/doc/git-1.8.2.2/howto/{html,text}             && with : mkdir -pv /usr/share/doc/git-1.8.2.2/howto/{html,text}             &&
Rules     : mkdir\s*/
-------------------------------------------------

Origin    : mkdir -pv /usr/share/doc/git-1.8.2.2/howto/{html,text}             &&
Replacing : mkdir -pv /usr/share/doc/git-1.8.2.2/howto/{html,text}             && with : mkdir -pv -pv /usr/share/doc/git-1.8.2.2/howto/{html,text}             &&
Rules     : mkdir\s*
-------------------------------------------------

Origin    : mkdir -p /usr/share/doc/git-1.8.2.2/man-pages/{html,text}         &&
Replacing : mkdir -p /usr/share/doc/git-1.8.2.2/man-pages/{html,text}         && with : mkdir -pv -p /usr/share/doc/git-1.8.2.2/man-pages/{html,text}         &&
Rules     : mkdir\s*
-------------------------------------------------

Origin    : mkdir    /usr/share/doc/git-1.8.2.2/technical/{html,text}         &&
Replacing : mkdir    /usr/share/doc/git-1.8.2.2/technical/{html,text}         && with : mkdir -pv /usr/share/doc/git-1.8.2.2/technical/{html,text}         &&
Rules     : mkdir\s*/
-------------------------------------------------

Origin    : mkdir -pv /usr/share/doc/git-1.8.2.2/technical/{html,text}         &&
Replacing : mkdir -pv /usr/share/doc/git-1.8.2.2/technical/{html,text}         && with : mkdir -pv -pv /usr/share/doc/git-1.8.2.2/technical/{html,text}         &&
Rules     : mkdir\s*
-------------------------------------------------

Origin    : mkdir    /usr/share/doc/git-1.8.2.2/howto/{html,text}             &&
Replacing : mkdir    /usr/share/doc/git-1.8.2.2/howto/{html,text}             && with : mkdir -pv /usr/share/doc/git-1.8.2.2/howto/{html,text}             &&
Rules     : mkdir\s*/
-------------------------------------------------

Origin    : mkdir -pv /usr/share/doc/git-1.8.2.2/howto/{html,text}             &&
Replacing : mkdir -pv /usr/share/doc/git-1.8.2.2/howto/{html,text}             && with : mkdir -pv -pv /usr/share/doc/git-1.8.2.2/howto/{html,text}             &&
Rules     : mkdir\s*
-------------------------------------------------

Origin    : export PATH="$PATH:/opt/OpenJDK-1.7.0.9-bin/bin
Replacing : export PATH="$PATH with : export PATH=$PATH
Rules     : export PATH="$PATH
-------------------------------------------------

Origin    : cat >> /etc/man_db.conf << "EOF" &&
Replacing : "EOF" && with : "EOF"
Rules     : "EOF" &&
-------------------------------------------------

Origin    : usermod -G svn,svntest -a 	<username>
Replacing : <username> with : mao
Rules     : <username>
-------------------------------------------------

Origin    : mkdir -v -p /usr/share/doc/tcl-8.6.0 &&
Replacing : mkdir -v -p /usr/share/doc/tcl-8.6.0 && with : mkdir -pv -p /usr/share/doc/tcl-8.6.0 &&
Rules     : mkdir\s*-v
-------------------------------------------------

Origin    : mkdir -pv -p /usr/share/doc/tcl-8.6.0 &&
Replacing : mkdir -pv -p /usr/share/doc/tcl-8.6.0 && with : mkdir -pv -pv -p /usr/share/doc/tcl-8.6.0 &&
Rules     : mkdir\s*
-------------------------------------------------

Origin    :                         /etc/openldap/schema                 &&
Replacing :  /etc/openldap/schema                 && with :  /etc/openldap/schema
Rules     :  /etc/openldap/schema                 &&
-------------------------------------------------

Origin    :                         /etc/openldap/schema                 &&
Replacing :  /etc/openldap/schema                 && with :  /etc/openldap/schema
Rules     :  /etc/openldap/schema                 &&
-------------------------------------------------

Origin    :     user <username> pass 	<password>;
Replacing : <username> with : mao
Rules     : <username>
-------------------------------------------------

Origin    :     user mao pass 	<password>;
Replacing : <password> with : ping
Rules     : <password>
-------------------------------------------------

Origin    : mkdir -p dev etc/namedb/{slave,pz} usr/lib/engines var/run/named &&
Replacing : mkdir -p dev etc/namedb/{slave,pz} usr/lib/engines var/run/named && with : mkdir -pv -p dev etc/namedb/{slave,pz} usr/lib/engines var/run/named &&
Rules     : mkdir\s*
-------------------------------------------------

Origin    : mkdir build &&
Replacing : mkdir build && with : mkdir -pv build &&
Rules     : mkdir\s*
-------------------------------------------------

Origin    : mkdir build &&
Replacing : mkdir build && with : mkdir -pv build &&
Rules     : mkdir\s*
-------------------------------------------------

Origin    : cat > /etc/xinetd.d/systat << "EOF" &&
Replacing : "EOF" && with : "EOF"
Rules     : "EOF" &&
-------------------------------------------------

Origin    : cat > /etc/xinetd.d/echo << "EOF" &&
Replacing : "EOF" && with : "EOF"
Rules     : "EOF" &&
-------------------------------------------------

Origin    : cat > /etc/xinetd.d/chargen << "EOF" &&
Replacing : "EOF" && with : "EOF"
Rules     : "EOF" &&
-------------------------------------------------

Origin    : cat > /etc/xinetd.d/daytime << "EOF" &&
Replacing : "EOF" && with : "EOF"
Rules     : "EOF" &&
-------------------------------------------------

Origin    : cat > /etc/xinetd.d/time << "EOF" &&
Replacing : "EOF" && with : "EOF"
Rules     : "EOF" &&
-------------------------------------------------

Origin    : mkdir xc &&
Replacing : mkdir xc && with : mkdir -pv xc &&
Rules     : mkdir\s*
-------------------------------------------------

Origin    : export XORG_PREFIX="	<PREFIX>"
Replacing : <PREFIX> with : /opt
Rules     : <PREFIX>
-------------------------------------------------

Origin    : XORG_PREFIX="	<PREFIX>"
Replacing : <PREFIX> with : /opt
Rules     : <PREFIX>
-------------------------------------------------

Origin    : sed 's@/usr/X11R6@	<PREFIX>@g' -i /etc/man_db.conf
Replacing : <PREFIX> with : /opt
Rules     : <PREFIX>
-------------------------------------------------

Origin    : mkdir proto &&
Replacing : mkdir proto && with : mkdir -pv proto &&
Rules     : mkdir\s*
-------------------------------------------------

Origin    : mkdir lib &&
Replacing : mkdir lib && with : mkdir -pv lib &&
Rules     : mkdir\s*
-------------------------------------------------

Origin    : mkdir app &&
Replacing : mkdir app && with : mkdir -pv app &&
Rules     : mkdir\s*
-------------------------------------------------

Origin    : mkdir font &&
Replacing : mkdir font && with : mkdir -pv font &&
Rules     : mkdir\s*
-------------------------------------------------

Origin    : mkdir -pv /etc/X11/xorg.conf.d &&
Replacing : mkdir -pv /etc/X11/xorg.conf.d && with : mkdir -pv -pv /etc/X11/xorg.conf.d &&
Rules     : mkdir\s*
-------------------------------------------------

Origin    : usermod -a -G video 	<username>
Replacing : <username> with : mao
Rules     : <username>
-------------------------------------------------

Origin    : mkdir -p ~/.config/gtk-3.0 &&
Replacing : mkdir -p ~/.config/gtk-3.0 && with : mkdir -pv -p ~/.config/gtk-3.0 &&
Rules     : mkdir\s*
-------------------------------------------------

Origin    : mkdir -pv /usr/lib/mozilla/plugins &&
Replacing : mkdir -pv /usr/lib/mozilla/plugins && with : mkdir -pv -pv /usr/lib/mozilla/plugins &&
Rules     : mkdir\s*
-------------------------------------------------

Origin    : mkdir -v ~/.fluxbox &&
Replacing : mkdir -v ~/.fluxbox && with : mkdir -pv ~/.fluxbox &&
Rules     : mkdir\s*-v
-------------------------------------------------

Origin    : mkdir -pv ~/.fluxbox &&
Replacing : mkdir -pv ~/.fluxbox && with : mkdir -pv -pv ~/.fluxbox &&
Rules     : mkdir\s*
-------------------------------------------------

Origin    : mkdir -v ~/.icewm &&
Replacing : mkdir -v ~/.icewm && with : mkdir -pv ~/.icewm &&
Rules     : mkdir\s*-v
-------------------------------------------------

Origin    : mkdir -pv ~/.icewm &&
Replacing : mkdir -pv ~/.icewm && with : mkdir -pv -pv ~/.icewm &&
Rules     : mkdir\s*
-------------------------------------------------

Origin    : mkdir -pv /etc/dbus-1 &&
Replacing : mkdir -pv /etc/dbus-1 && with : mkdir -pv -pv /etc/dbus-1 &&
Rules     : mkdir\s*
-------------------------------------------------

Origin    : mkdir build &&
Replacing : mkdir build && with : mkdir -pv build &&
Rules     : mkdir\s*
-------------------------------------------------

Origin    : mkdir build &&
Replacing : mkdir build && with : mkdir -pv build &&
Rules     : mkdir\s*
-------------------------------------------------

Origin    : mkdir build &&
Replacing : mkdir build && with : mkdir -pv build &&
Rules     : mkdir\s*
-------------------------------------------------

Origin    : mkdir build &&
Replacing : mkdir build && with : mkdir -pv build &&
Rules     : mkdir\s*
-------------------------------------------------

Origin    : mkdir build &&
Replacing : mkdir build && with : mkdir -pv build &&
Rules     : mkdir\s*
-------------------------------------------------

Origin    : mkdir build &&
Replacing : mkdir build && with : mkdir -pv build &&
Rules     : mkdir\s*
-------------------------------------------------

Origin    : mkdir build &&
Replacing : mkdir build && with : mkdir -pv build &&
Rules     : mkdir\s*
-------------------------------------------------

Origin    : mkdir build &&
Replacing : mkdir build && with : mkdir -pv build &&
Rules     : mkdir\s*
-------------------------------------------------

Origin    : mkdir build &&
Replacing : mkdir build && with : mkdir -pv build &&
Rules     : mkdir\s*
-------------------------------------------------

Origin    : mkdir build &&
Replacing : mkdir build && with : mkdir -pv build &&
Rules     : mkdir\s*
-------------------------------------------------

Origin    : mkdir build &&
Replacing : mkdir build && with : mkdir -pv build &&
Rules     : mkdir\s*
-------------------------------------------------

Origin    : mkdir build &&
Replacing : mkdir build && with : mkdir -pv build &&
Rules     : mkdir\s*
-------------------------------------------------

Origin    : mkdir build &&
Replacing : mkdir build && with : mkdir -pv build &&
Rules     : mkdir\s*
-------------------------------------------------

Origin    : mkdir build &&
Replacing : mkdir build && with : mkdir -pv build &&
Rules     : mkdir\s*
-------------------------------------------------

Origin    : mkdir build &&
Replacing : mkdir build && with : mkdir -pv build &&
Rules     : mkdir\s*
-------------------------------------------------

Origin    : mkdir build &&
Replacing : mkdir build && with : mkdir -pv build &&
Rules     : mkdir\s*
-------------------------------------------------

Origin    : mkdir build &&
Replacing : mkdir build && with : mkdir -pv build &&
Rules     : mkdir\s*
-------------------------------------------------

Origin    : mkdir build &&
Replacing : mkdir build && with : mkdir -pv build &&
Rules     : mkdir\s*
-------------------------------------------------

Origin    : mkdir build &&
Replacing : mkdir build && with : mkdir -pv build &&
Rules     : mkdir\s*
-------------------------------------------------

Origin    : mkdir build &&
Replacing : mkdir build && with : mkdir -pv build &&
Rules     : mkdir\s*
-------------------------------------------------

Origin    : mkdir -p /usr/share/xsessions &&
Replacing : mkdir -p /usr/share/xsessions && with : mkdir -pv -p /usr/share/xsessions &&
Rules     : mkdir\s*
-------------------------------------------------

Origin    : cat >> /etc/pam.d/kde << "EOF" &&
Replacing : "EOF" && with : "EOF"
Rules     : "EOF" &&
-------------------------------------------------

Origin    : cat > /etc/pam.d/kde-np << "EOF" &&
Replacing : "EOF" && with : "EOF"
Rules     : "EOF" &&
-------------------------------------------------

Origin    : mkdir build &&
Replacing : mkdir build && with : mkdir -pv build &&
Rules     : mkdir\s*
-------------------------------------------------

Origin    : mkdir build &&
Replacing : mkdir build && with : mkdir -pv build &&
Rules     : mkdir\s*
-------------------------------------------------

Origin    : mkdir build &&
Replacing : mkdir build && with : mkdir -pv build &&
Rules     : mkdir\s*
-------------------------------------------------

Origin    : mkdir build &&
Replacing : mkdir build && with : mkdir -pv build &&
Rules     : mkdir\s*
-------------------------------------------------

Origin    : mkdir build &&
Replacing : mkdir build && with : mkdir -pv build &&
Rules     : mkdir\s*
-------------------------------------------------

Origin    : mkdir build &&
Replacing : mkdir build && with : mkdir -pv build &&
Rules     : mkdir\s*
-------------------------------------------------

Origin    : mkdir build &&
Replacing : mkdir build && with : mkdir -pv build &&
Rules     : mkdir\s*
-------------------------------------------------

Origin    : mkdir build &&
Replacing : mkdir build && with : mkdir -pv build &&
Rules     : mkdir\s*
-------------------------------------------------

Origin    : mkdir build &&
Replacing : mkdir build && with : mkdir -pv build &&
Rules     : mkdir\s*
-------------------------------------------------

Origin    : mkdir build &&
Replacing : mkdir build && with : mkdir -pv build &&
Rules     : mkdir\s*
-------------------------------------------------

Origin    : mkdir build &&
Replacing : mkdir build && with : mkdir -pv build &&
Rules     : mkdir\s*
-------------------------------------------------

Origin    : mkdir build &&
Replacing : mkdir build && with : mkdir -pv build &&
Rules     : mkdir\s*
-------------------------------------------------

Origin    : mkdir build &&
Replacing : mkdir build && with : mkdir -pv build &&
Rules     : mkdir\s*
-------------------------------------------------

Origin    : mkdir -p /etc/xdg/autostart &&
Replacing : mkdir -p /etc/xdg/autostart && with : mkdir -pv -p /etc/xdg/autostart &&
Rules     : mkdir\s*
-------------------------------------------------

Origin    : mkdir -p                           /usr/share/doc/gnucash-2.4.1 &&
Replacing : mkdir -p                           /usr/share/doc/gnucash-2.4.1 && with : mkdir -pv -p                           /usr/share/doc/gnucash-2.4.1 &&
Rules     : mkdir\s*
-------------------------------------------------

Origin    : mkdir -pv /usr/lib/seamonkey-2.13.2 &&
Replacing : mkdir -pv /usr/lib/seamonkey-2.13.2 && with : mkdir -pv -pv /usr/lib/seamonkey-2.13.2 &&
Rules     : mkdir\s*
-------------------------------------------------

Origin    : mkdir -pv /usr/lib/mozilla/plugins                   &&
Replacing : mkdir -pv /usr/lib/mozilla/plugins                   && with : mkdir -pv -pv /usr/lib/mozilla/plugins                   &&
Rules     : mkdir\s*
-------------------------------------------------

Origin    : mkdir -v /usr/include/npapi &&
Replacing : mkdir -v /usr/include/npapi && with : mkdir -pv /usr/include/npapi &&
Rules     : mkdir\s*-v
-------------------------------------------------

Origin    : mkdir -pv /usr/include/npapi &&
Replacing : mkdir -pv /usr/include/npapi && with : mkdir -pv -pv /usr/include/npapi &&
Rules     : mkdir\s*
-------------------------------------------------

Origin    : mkdir -pv /usr/share/{applications,pixmaps}              &&
Replacing : mkdir -pv /usr/share/{applications,pixmaps}              && with : mkdir -pv -pv /usr/share/{applications,pixmaps}              &&
Rules     : mkdir\s*
-------------------------------------------------

Origin    : cat > /usr/share/applications/seamonkey.desktop << "EOF" &&
Replacing : "EOF" && with : "EOF"
Rules     : "EOF" &&
-------------------------------------------------

Origin    : mkdir  /usr/lib/firefox-20.0.1 &&
Replacing : mkdir  /usr/lib/firefox-20.0.1 && with : mkdir -pv /usr/lib/firefox-20.0.1 &&
Rules     : mkdir\s*/
-------------------------------------------------

Origin    : mkdir -pv /usr/lib/firefox-20.0.1 &&
Replacing : mkdir -pv /usr/lib/firefox-20.0.1 && with : mkdir -pv -pv /usr/lib/firefox-20.0.1 &&
Rules     : mkdir\s*
-------------------------------------------------

Origin    : mkdir -pv /usr/lib/mozilla/plugins &&
Replacing : mkdir -pv /usr/lib/mozilla/plugins && with : mkdir -pv -pv /usr/lib/mozilla/plugins &&
Rules     : mkdir\s*
-------------------------------------------------

Origin    : mkdir -pv /usr/lib/mozilla/plugins &&
Replacing : mkdir -pv /usr/lib/mozilla/plugins && with : mkdir -pv -pv /usr/lib/mozilla/plugins &&
Rules     : mkdir\s*
-------------------------------------------------

Origin    : mkdir -v /usr/include/npapi &&
Replacing : mkdir -v /usr/include/npapi && with : mkdir -pv /usr/include/npapi &&
Rules     : mkdir\s*-v
-------------------------------------------------

Origin    : mkdir -pv /usr/include/npapi &&
Replacing : mkdir -pv /usr/include/npapi && with : mkdir -pv -pv /usr/include/npapi &&
Rules     : mkdir\s*
-------------------------------------------------

Origin    : mkdir -pv /usr/share/applications &&
Replacing : mkdir -pv /usr/share/applications && with : mkdir -pv -pv /usr/share/applications &&
Rules     : mkdir\s*
-------------------------------------------------

Origin    : mkdir -pv /usr/share/pixmaps &&
Replacing : mkdir -pv /usr/share/pixmaps && with : mkdir -pv -pv /usr/share/pixmaps &&
Rules     : mkdir\s*
-------------------------------------------------

Origin    : cat > /usr/share/applications/firefox.desktop << "EOF" &&
Replacing : "EOF" && with : "EOF"
Rules     : "EOF" &&
-------------------------------------------------

Origin    : mkdir -pv /usr/share/doc/pidgin-2.10.7 &&
Replacing : mkdir -pv /usr/share/doc/pidgin-2.10.7 && with : mkdir -pv -pv /usr/share/doc/pidgin-2.10.7 &&
Rules     : mkdir\s*
-------------------------------------------------

Origin    : mkdir build                      &&
Replacing : mkdir build                      && with : mkdir -pv build                      &&
Rules     : mkdir\s*
-------------------------------------------------

Origin    : mkdir -p /usr/share/rox                              &&
Replacing : mkdir -p /usr/share/rox                              && with : mkdir -pv -p /usr/share/rox                              &&
Rules     : mkdir\s*
-------------------------------------------------

Origin    : mkdir -p /usr/share/applications &&
Replacing : mkdir -p /usr/share/applications && with : mkdir -pv -p /usr/share/applications &&
Rules     : mkdir\s*
-------------------------------------------------

Origin    : mkdir -pv /usr/lib/thunderbird-17.0.5 &&
Replacing : mkdir -pv /usr/lib/thunderbird-17.0.5 && with : mkdir -pv -pv /usr/lib/thunderbird-17.0.5 &&
Rules     : mkdir\s*
-------------------------------------------------

Origin    : mkdir -pv /usr/share/applications &&
Replacing : mkdir -pv /usr/share/applications && with : mkdir -pv -pv /usr/share/applications &&
Rules     : mkdir\s*
-------------------------------------------------

Origin    : mkdir -pv /usr/share/pixmaps &&
Replacing : mkdir -pv /usr/share/pixmaps && with : mkdir -pv -pv /usr/share/pixmaps &&
Rules     : mkdir\s*
-------------------------------------------------

Origin    : cat > /usr/share/applications/thunderbird.desktop << "EOF" &&
Replacing : "EOF" && with : "EOF"
Rules     : "EOF" &&
-------------------------------------------------

Origin    : usermod -a -G audio 	<username>
Replacing : <username> with : mao
Rules     : <username>
-------------------------------------------------

Origin    : mkdir build &&
Replacing : mkdir build && with : mkdir -pv build &&
Rules     : mkdir\s*
-------------------------------------------------

Origin    : mkdir ../libvpx-build &&
Replacing : mkdir ../libvpx-build && with : mkdir -pv ../libvpx-build &&
Rules     : mkdir\s*
-------------------------------------------------

Origin    : mkdir build &&
Replacing : mkdir build && with : mkdir -pv build &&
Rules     : mkdir\s*
-------------------------------------------------

Origin    : mkdir build &&
Replacing : mkdir build && with : mkdir -pv build &&
Rules     : mkdir\s*
-------------------------------------------------

Origin    : mkdir build &&
Replacing : mkdir build && with : mkdir -pv build &&
Rules     : mkdir\s*
-------------------------------------------------

Origin    : usermod -a -G lpadmin 	<username>
Replacing : <username> with : mao
Rules     : <username>
-------------------------------------------------
